2025-10-31 01:58:00,031 - INFO - Updated AAPL with 1466 new rows.
2025-10-31 01:58:00,382 - INFO - Updated MTB with 1466 new rows.
2025-10-31 01:58:00,775 - INFO - Updated NVDA with 1466 new rows.
2025-10-31 01:58:01,131 - INFO - Updated TSLA with 1466 new rows.
2025-10-31 01:58:01,483 - INFO - Updated META with 1466 new rows.
2025-10-31 01:58:01,855 - INFO - Updated MSFT with 1466 new rows.
2025-11-03 16:40:00,666 - INFO - Updated AAPL with 2 new rows.
2025-11-03 16:40:00,845 - INFO - Updated MTB with 2 new rows.
2025-11-03 16:40:00,996 - INFO - Updated NVDA with 2 new rows.
2025-11-03 16:40:01,130 - INFO - Updated TSLA with 2 new rows.
2025-11-03 16:40:01,265 - INFO - Updated META with 2 new rows.
2025-11-03 16:40:01,437 - INFO - Updated MSFT with 2 new rows.
2025-11-03 16:44:33,599 - INFO - Updated AAPL with 2 new rows.
2025-11-03 16:44:33,882 - INFO - Updated MTB with 2 new rows.
2025-11-03 16:44:34,020 - INFO - Updated NVDA with 2 new rows.
2025-11-03 16:44:34,151 - INFO - Updated TSLA with 2 new rows.
2025-11-03 16:44:34,275 - INFO - Updated META with 2 new rows.
2025-11-03 16:44:34,442 - INFO - Updated MSFT with 2 new rows.
2025-11-03 16:48:24,269 - INFO - Updated AAPL with 2 new rows.
2025-11-03 16:48:24,444 - INFO - Updated MTB with 2 new rows.
2025-11-03 16:48:24,595 - INFO - Updated NVDA with 2 new rows.
2025-11-03 16:48:24,793 - INFO - Updated TSLA with 2 new rows.
2025-11-03 16:48:24,921 - INFO - Updated META with 2 new rows.
2025-11-03 16:48:25,107 - INFO - Updated MSFT with 2 new rows.
2025-11-03 16:49:43,826 - ERROR - Failed to update AAPL: Reindexing only valid with uniquely valued Index objects
2025-11-03 16:49:43,993 - ERROR - Failed to update MTB: Reindexing only valid with uniquely valued Index objects
2025-11-03 16:49:44,133 - ERROR - Failed to update NVDA: Reindexing only valid with uniquely valued Index objects
2025-11-03 16:49:44,251 - ERROR - Failed to update TSLA: Reindexing only valid with uniquely valued Index objects
2025-11-03 16:49:44,350 - ERROR - Failed to update META: Reindexing only valid with uniquely valued Index objects
2025-11-03 16:49:44,525 - ERROR - Failed to update MSFT: Reindexing only valid with uniquely valued Index objects
2025-11-03 16:50:28,707 - INFO - Updated AAPL with 2 new rows.
2025-11-03 16:50:28,868 - INFO - Updated MTB with 2 new rows.
2025-11-03 16:50:29,059 - INFO - Updated NVDA with 2 new rows.
2025-11-03 16:50:29,202 - INFO - Updated TSLA with 2 new rows.
2025-11-03 16:50:29,337 - INFO - Updated META with 2 new rows.
2025-11-03 16:50:29,500 - INFO - Updated MSFT with 2 new rows.
